[2022-06-17 18:02:41.371] [sharedprocess] [info] Starting worker process with pid 55567 (type: fileWatcher, window: 1).
[2022-06-17 18:03:03.759] [sharedprocess] [info] Getting Manifest... proxzima.sweetdracula
[2022-06-17 18:03:04.175] [sharedprocess] [info] Installing extension: proxzima.sweetdracula
[2022-06-17 18:03:06.668] [sharedprocess] [info] Downloaded extension: proxzima.sweetdracula /home/joaco/.config/Code - OSS/CachedExtensionVSIXs/proxzima.sweetdracula-1.0.8
[2022-06-17 18:03:06.794] [sharedprocess] [info] Extracted extension to /home/joaco/.vscode-oss/extensions/.3982a29b-84d3-4507-87c2-9ed6bbcdbd91: proxzima.sweetdracula
[2022-06-17 18:03:06.802] [sharedprocess] [info] Renamed to /home/joaco/.vscode-oss/extensions/proxzima.sweetdracula-1.0.8
[2022-06-17 18:03:06.804] [sharedprocess] [info] Extracting completed. proxzima.sweetdracula
[2022-06-17 18:03:06.805] [sharedprocess] [info] Extension installed successfully: proxzima.sweetdracula
[2022-06-17 18:03:10.865] [sharedprocess] [info] Getting Manifest... dracula-theme.theme-dracula
[2022-06-17 18:03:11.118] [sharedprocess] [info] Installing extension: dracula-theme.theme-dracula
[2022-06-17 18:03:12.318] [sharedprocess] [info] Downloaded extension: dracula-theme.theme-dracula /home/joaco/.config/Code - OSS/CachedExtensionVSIXs/dracula-theme.theme-dracula-2.24.2
[2022-06-17 18:03:12.410] [sharedprocess] [info] Extracted extension to /home/joaco/.vscode-oss/extensions/.5d719040-3f1c-41dc-be73-2b9647a45dde: dracula-theme.theme-dracula
[2022-06-17 18:03:12.418] [sharedprocess] [info] Renamed to /home/joaco/.vscode-oss/extensions/dracula-theme.theme-dracula-2.24.2
[2022-06-17 18:03:12.427] [sharedprocess] [info] Extracting completed. dracula-theme.theme-dracula
[2022-06-17 18:03:12.428] [sharedprocess] [info] Extension installed successfully: dracula-theme.theme-dracula
[2022-06-17 18:03:43.452] [sharedprocess] [info] Getting Manifest... muhammad-sammy.csharp
[2022-06-17 18:03:43.702] [sharedprocess] [info] Installing extension: muhammad-sammy.csharp
[2022-06-17 18:03:45.863] [sharedprocess] [info] Downloaded extension: muhammad-sammy.csharp /home/joaco/.config/Code - OSS/CachedExtensionVSIXs/muhammad-sammy.csharp-1.25.0
[2022-06-17 18:03:46.042] [sharedprocess] [info] Extracted extension to /home/joaco/.vscode-oss/extensions/.9f84a2ad-9f4d-4d31-9d89-669a97658396: muhammad-sammy.csharp
[2022-06-17 18:03:46.055] [sharedprocess] [info] Renamed to /home/joaco/.vscode-oss/extensions/muhammad-sammy.csharp-1.25.0
[2022-06-17 18:03:46.058] [sharedprocess] [info] Extracting completed. muhammad-sammy.csharp
[2022-06-17 18:03:46.063] [sharedprocess] [info] Extension installed successfully: muhammad-sammy.csharp
[2022-06-17 18:04:22.106] [sharedprocess] [info] Getting Manifest... sainnhe.everforest
[2022-06-17 18:04:22.357] [sharedprocess] [info] Installing extension: sainnhe.everforest
[2022-06-17 18:04:23.717] [sharedprocess] [info] Downloaded extension: sainnhe.everforest /home/joaco/.config/Code - OSS/CachedExtensionVSIXs/sainnhe.everforest-0.2.0
[2022-06-17 18:04:23.900] [sharedprocess] [info] Extracted extension to /home/joaco/.vscode-oss/extensions/.5c23a7c8-dc12-4918-a286-21a9a38f1899: sainnhe.everforest
[2022-06-17 18:04:23.910] [sharedprocess] [info] Renamed to /home/joaco/.vscode-oss/extensions/sainnhe.everforest-0.2.0
[2022-06-17 18:04:23.915] [sharedprocess] [info] Extracting completed. sainnhe.everforest
[2022-06-17 18:04:23.921] [sharedprocess] [info] Extension installed successfully: sainnhe.everforest
[2022-06-17 18:04:41.984] [sharedprocess] [info] Getting Manifest... oderwat.indent-rainbow
[2022-06-17 18:04:42.232] [sharedprocess] [info] Installing extension: oderwat.indent-rainbow
[2022-06-17 18:04:44.026] [sharedprocess] [info] Downloaded extension: oderwat.indent-rainbow /home/joaco/.config/Code - OSS/CachedExtensionVSIXs/oderwat.indent-rainbow-8.3.1
[2022-06-17 18:04:44.942] [sharedprocess] [info] Extracted extension to /home/joaco/.vscode-oss/extensions/.ff3ab19e-b140-4212-9227-1b04ebf3190d: oderwat.indent-rainbow
[2022-06-17 18:04:44.953] [sharedprocess] [info] Renamed to /home/joaco/.vscode-oss/extensions/oderwat.indent-rainbow-8.3.1
[2022-06-17 18:04:44.968] [sharedprocess] [info] Extracting completed. oderwat.indent-rainbow
[2022-06-17 18:04:44.969] [sharedprocess] [info] Extension installed successfully: oderwat.indent-rainbow
[2022-06-17 18:05:02.955] [sharedprocess] [info] Getting Manifest... vscodevim.vim
[2022-06-17 18:05:03.197] [sharedprocess] [info] Installing extension: vscodevim.vim
[2022-06-17 18:05:04.909] [sharedprocess] [info] Downloaded extension: vscodevim.vim /home/joaco/.config/Code - OSS/CachedExtensionVSIXs/vscodevim.vim-1.22.2
[2022-06-17 18:05:05.039] [sharedprocess] [info] Extracted extension to /home/joaco/.vscode-oss/extensions/.b9bb4710-d58b-429c-b1cb-8d2121ae3544: vscodevim.vim
[2022-06-17 18:05:05.046] [sharedprocess] [info] Renamed to /home/joaco/.vscode-oss/extensions/vscodevim.vim-1.22.2
[2022-06-17 18:05:05.048] [sharedprocess] [info] Extracting completed. vscodevim.vim
[2022-06-17 18:05:05.049] [sharedprocess] [info] Extension installed successfully: vscodevim.vim
